# JRE version: OpenJDK Runtime Environment Temurin-21.0.9+10 (21.0.9+10) (build 21.0.9+10-LTS)
# Java VM: OpenJDK 64-Bit Server VM Temurin-21.0.9+10 (21.0.9+10-LTS, mixed mode, sharing, tiered, compressed oops, compressed class ptrs, parallel gc, windows-amd64)
GC Precious Log:
 CardTable entry size: 512
 CPUs: 12 total, 12 available
 Memory: 16021M
 Large Page Support: Disabled
 NUMA Support: Disabled
 Compressed Oops: Enabled (32-bit)
 Alignments: Space 512K, Generation 512K, Heap 2M
 Heap Min Capacity: 100M
 Heap Initial Capacity: 100M
 Heap Max Capacity: 2G
 Pre-touch: Disabled
 Parallel Workers: 10
Heap:
 PSYoungGen      total 3072K, used 392K [0x00000000d5580000, 0x00000000d5980000, 0x0000000100000000)
  eden space 2560K, 2% used [0x00000000d5580000,0x00000000d5592398,0x00000000d5800000)
  from space 512K, 62% used [0x00000000d5900000,0x00000000d5950000,0x00000000d5980000)
  to   space 512K, 0% used [0x00000000d5880000,0x00000000d5880000,0x00000000d5900000)
 ParOldGen       total 539136K, used 534224K [0x0000000080000000, 0x00000000a0e80000, 0x00000000d5580000)
  object space 539136K, 99% used [0x0000000080000000,0x00000000a09b4330,0x00000000a0e80000)
 Metaspace       used 86596K, committed 88512K, reserved 1179648K
  class space    used 9019K, committed 9856K, reserved 1048576K
GC Heap History (20 events):
Event: 1585.405 GC heap before
{Heap before GC invocations=2337 (full 6):
 PSYoungGen      total 3072K, used 2848K [0x00000000d5580000, 0x00000000d5980000, 0x0000000100000000)
  eden space 2560K, 100% used [0x00000000d5580000,0x00000000d5800000,0x00000000d5800000)
  from space 512K, 56% used [0x00000000d5900000,0x00000000d5948000,0x00000000d5980000)
  to   space 512K, 0% used [0x00000000d5880000,0x00000000d5880000,0x00000000d5900000)
 ParOldGen       total 507392K, used 502377K [0x0000000080000000, 0x000000009ef80000, 0x00000000d5580000)
  object space 507392K, 99% used [0x0000000080000000,0x000000009ea9a680,0x000000009ef80000)
 Metaspace       used 86506K, committed 88384K, reserved 1179648K
  class space    used 9018K, committed 9856K, reserved 1048576K
}
Event: 1585.406 GC heap after
{Heap after GC invocations=2337 (full 6):
 PSYoungGen      total 3072K, used 352K [0x00000000d5580000, 0x00000000d5980000, 0x0000000100000000)
  eden space 2560K, 0% used [0x00000000d5580000,0x00000000d5580000,0x00000000d5800000)
  from space 512K, 68% used [0x00000000d5880000,0x00000000d58d8000,0x00000000d5900000)
  to   space 512K, 0% used [0x00000000d5900000,0x00000000d5900000,0x00000000d5980000)
 ParOldGen       total 507392K, used 502425K [0x0000000080000000, 0x000000009ef80000, 0x00000000d5580000)
  object space 507392K, 99% used [0x0000000080000000,0x000000009eaa6680,0x000000009ef80000)
 Metaspace       used 86506K, committed 88384K, reserved 1179648K
  class space    used 9018K, committed 9856K, reserved 1048576K
}
Event: 1585.413 GC heap before
{Heap before GC invocations=2338 (full 6):
 PSYoungGen      total 3072K, used 2912K [0x00000000d5580000, 0x00000000d5980000, 0x0000000100000000)
  eden space 2560K, 100% used [0x00000000d5580000,0x00000000d5800000,0x00000000d5800000)
  from space 512K, 68% used [0x00000000d5880000,0x00000000d58d8000,0x00000000d5900000)
  to   space 512K, 0% used [0x00000000d5900000,0x00000000d5900000,0x00000000d5980000)
 ParOldGen       total 507392K, used 502425K [0x0000000080000000, 0x000000009ef80000, 0x00000000d5580000)
  object space 507392K, 99% used [0x0000000080000000,0x000000009eaa6680,0x000000009ef80000)
 Metaspace       used 86508K, committed 88384K, reserved 1179648K
  class space    used 9018K, committed 9856K, reserved 1048576K
}
Event: 1585.414 GC heap after
{Heap after GC invocations=2338 (full 6):
 PSYoungGen      total 3072K, used 320K [0x00000000d5580000, 0x00000000d5980000, 0x0000000100000000)
  eden space 2560K, 0% used [0x00000000d5580000,0x00000000d5580000,0x00000000d5800000)
  from space 512K, 62% used [0x00000000d5900000,0x00000000d5950000,0x00000000d5980000)
  to   space 512K, 0% used [0x00000000d5880000,0x00000000d5880000,0x00000000d5900000)
 ParOldGen       total 507392K, used 502497K [0x0000000080000000, 0x000000009ef80000, 0x00000000d5580000)
  object space 507392K, 99% used [0x0000000080000000,0x000000009eab8680,0x000000009ef80000)
 Metaspace       used 86508K, committed 88384K, reserved 1179648K
  class space    used 9018K, committed 9856K, reserved 1048576K
}
Event: 1585.418 GC heap before
{Heap before GC invocations=2339 (full 6):
 PSYoungGen      total 3072K, used 2880K [0x00000000d5580000, 0x00000000d5980000, 0x0000000100000000)
  eden space 2560K, 100% used [0x00000000d5580000,0x00000000d5800000,0x00000000d5800000)
  from space 512K, 62% used [0x00000000d5900000,0x00000000d5950000,0x00000000d5980000)
  to   space 512K, 0% used [0x00000000d5880000,0x00000000d5880000,0x00000000d5900000)
 ParOldGen       total 507392K, used 502497K [0x0000000080000000, 0x000000009ef80000, 0x00000000d5580000)
  object space 507392K, 99% used [0x0000000080000000,0x000000009eab8680,0x000000009ef80000)
 Metaspace       used 86508K, committed 88384K, reserved 1179648K
  class space    used 9018K, committed 9856K, reserved 1048576K
}
Event: 1585.419 GC heap after
{Heap after GC invocations=2339 (full 6):
 PSYoungGen      total 3072K, used 416K [0x00000000d5580000, 0x00000000d5980000, 0x0000000100000000)
  eden space 2560K, 0% used [0x00000000d5580000,0x00000000d5580000,0x00000000d5800000)
  from space 512K, 81% used [0x00000000d5880000,0x00000000d58e8000,0x00000000d5900000)
  to   space 512K, 0% used [0x00000000d5900000,0x00000000d5900000,0x00000000d5980000)
 ParOldGen       total 507392K, used 502577K [0x0000000080000000, 0x000000009ef80000, 0x00000000d5580000)
  object space 507392K, 99% used [0x0000000080000000,0x000000009eacc680,0x000000009ef80000)
 Metaspace       used 86508K, committed 88384K, reserved 1179648K
  class space    used 9018K, committed 9856K, reserved 1048576K
}
Event: 1586.252 GC heap before
{Heap before GC invocations=2340 (full 6):
 PSYoungGen      total 3072K, used 2973K [0x00000000d5580000, 0x00000000d5980000, 0x0000000100000000)
  eden space 2560K, 99% used [0x00000000d5580000,0x00000000d57ff4f0,0x00000000d5800000)
  from space 512K, 81% used [0x00000000d5880000,0x00000000d58e8000,0x00000000d5900000)
  to   space 512K, 0% used [0x00000000d5900000,0x00000000d5900000,0x00000000d5980000)
 ParOldGen       total 507392K, used 502577K [0x0000000080000000, 0x000000009ef80000, 0x00000000d5580000)
  object space 507392K, 99% used [0x0000000080000000,0x000000009eacc680,0x000000009ef80000)
 Metaspace       used 86508K, committed 88384K, reserved 1179648K
  class space    used 9018K, committed 9856K, reserved 1048576K
}
Event: 1586.254 GC heap after
{Heap after GC invocations=2340 (full 6):
 PSYoungGen      total 3072K, used 320K [0x00000000d5580000, 0x00000000d5980000, 0x0000000100000000)
  eden space 2560K, 0% used [0x00000000d5580000,0x00000000d5580000,0x00000000d5800000)
  from space 512K, 62% used [0x00000000d5900000,0x00000000d5950000,0x00000000d5980000)
  to   space 512K, 0% used [0x00000000d5880000,0x00000000d5880000,0x00000000d5900000)
 ParOldGen       total 507392K, used 502641K [0x0000000080000000, 0x000000009ef80000, 0x00000000d5580000)
  object space 507392K, 99% used [0x0000000080000000,0x000000009eadc680,0x000000009ef80000)
 Metaspace       used 86508K, committed 88384K, reserved 1179648K
  class space    used 9018K, committed 9856K, reserved 1048576K
}
Event: 1586.421 GC heap before
{Heap before GC invocations=2341 (full 6):
 PSYoungGen      total 3072K, used 2879K [0x00000000d5580000, 0x00000000d5980000, 0x0000000100000000)
  eden space 2560K, 99% used [0x00000000d5580000,0x00000000d57fffe0,0x00000000d5800000)
  from space 512K, 62% used [0x00000000d5900000,0x00000000d5950000,0x00000000d5980000)
  to   space 512K, 0% used [0x00000000d5880000,0x00000000d5880000,0x00000000d5900000)
 ParOldGen       total 507392K, used 502641K [0x0000000080000000, 0x000000009ef80000, 0x00000000d5580000)
  object space 507392K, 99% used [0x0000000080000000,0x000000009eadc680,0x000000009ef80000)
 Metaspace       used 86514K, committed 88384K, reserved 1179648K
  class space    used 9018K, committed 9856K, reserved 1048576K
}
Event: 1586.423 GC heap after
{Heap after GC invocations=2341 (full 6):
 PSYoungGen      total 3072K, used 480K [0x00000000d5580000, 0x00000000d5980000, 0x0000000100000000)
  eden space 2560K, 0% used [0x00000000d5580000,0x00000000d5580000,0x00000000d5800000)
  from space 512K, 93% used [0x00000000d5880000,0x00000000d58f8000,0x00000000d5900000)
  to   space 512K, 0% used [0x00000000d5900000,0x00000000d5900000,0x00000000d5980000)
 ParOldGen       total 507392K, used 502705K [0x0000000080000000, 0x000000009ef80000, 0x00000000d5580000)
  object space 507392K, 99% used [0x0000000080000000,0x000000009eaec680,0x000000009ef80000)
 Metaspace       used 86514K, committed 88384K, reserved 1179648K
  class space    used 9018K, committed 9856K, reserved 1048576K
}
Event: 1586.492 GC heap before
{Heap before GC invocations=2342 (full 6):
 PSYoungGen      total 3072K, used 3039K [0x00000000d5580000, 0x00000000d5980000, 0x0000000100000000)
  eden space 2560K, 99% used [0x00000000d5580000,0x00000000d57ffff8,0x00000000d5800000)
  from space 512K, 93% used [0x00000000d5880000,0x00000000d58f8000,0x00000000d5900000)
  to   space 512K, 0% used [0x00000000d5900000,0x00000000d5900000,0x00000000d5980000)
 ParOldGen       total 507392K, used 502705K [0x0000000080000000, 0x000000009ef80000, 0x00000000d5580000)
  object space 507392K, 99% used [0x0000000080000000,0x000000009eaec680,0x000000009ef80000)
 Metaspace       used 86537K, committed 88384K, reserved 1179648K
  class space    used 9019K, committed 9856K, reserved 1048576K
}
Event: 1586.494 GC heap after
{Heap after GC invocations=2342 (full 6):
 PSYoungGen      total 3072K, used 384K [0x00000000d5580000, 0x00000000d5980000, 0x0000000100000000)
  eden space 2560K, 0% used [0x00000000d5580000,0x00000000d5580000,0x00000000d5800000)
  from space 512K, 75% used [0x00000000d5900000,0x00000000d5960020,0x00000000d5980000)
  to   space 512K, 0% used [0x00000000d5880000,0x00000000d5880000,0x00000000d5900000)
 ParOldGen       total 507392K, used 502889K [0x0000000080000000, 0x000000009ef80000, 0x00000000d5580000)
  object space 507392K, 99% used [0x0000000080000000,0x000000009eb1a690,0x000000009ef80000)
 Metaspace       used 86537K, committed 88384K, reserved 1179648K
  class space    used 9019K, committed 9856K, reserved 1048576K
}
Event: 1586.645 GC heap before
{Heap before GC invocations=2343 (full 6):
 PSYoungGen      total 3072K, used 2944K [0x00000000d5580000, 0x00000000d5980000, 0x0000000100000000)
  eden space 2560K, 100% used [0x00000000d5580000,0x00000000d5800000,0x00000000d5800000)
  from space 512K, 75% used [0x00000000d5900000,0x00000000d5960020,0x00000000d5980000)
  to   space 512K, 0% used [0x00000000d5880000,0x00000000d5880000,0x00000000d5900000)
 ParOldGen       total 539136K, used 533609K [0x0000000080000000, 0x00000000a0e80000, 0x00000000d5580000)
  object space 539136K, 98% used [0x0000000080000000,0x00000000a091a6c0,0x00000000a0e80000)
 Metaspace       used 86541K, committed 88384K, reserved 1179648K
  class space    used 9019K, committed 9856K, reserved 1048576K
}
Event: 1586.647 GC heap after
{Heap after GC invocations=2343 (full 6):
 PSYoungGen      total 3072K, used 224K [0x00000000d5580000, 0x00000000d5980000, 0x0000000100000000)
  eden space 2560K, 0% used [0x00000000d5580000,0x00000000d5580000,0x00000000d5800000)
  from space 512K, 43% used [0x00000000d5880000,0x00000000d58b8000,0x00000000d5900000)
  to   space 512K, 0% used [0x00000000d5900000,0x00000000d5900000,0x00000000d5980000)
 ParOldGen       total 539136K, used 533769K [0x0000000080000000, 0x00000000a0e80000, 0x00000000d5580000)
  object space 539136K, 99% used [0x0000000080000000,0x00000000a09426e0,0x00000000a0e80000)
 Metaspace       used 86541K, committed 88384K, reserved 1179648K
  class space    used 9019K, committed 9856K, reserved 1048576K
}
Event: 1861.455 GC heap before
{Heap before GC invocations=2344 (full 6):
 PSYoungGen      total 3072K, used 2713K [0x00000000d5580000, 0x00000000d5980000, 0x0000000100000000)
  eden space 2560K, 97% used [0x00000000d5580000,0x00000000d57ee760,0x00000000d5800000)
  from space 512K, 43% used [0x00000000d5880000,0x00000000d58b8000,0x00000000d5900000)
  to   space 512K, 0% used [0x00000000d5900000,0x00000000d5900000,0x00000000d5980000)
 ParOldGen       total 539136K, used 533769K [0x0000000080000000, 0x00000000a0e80000, 0x00000000d5580000)
  object space 539136K, 99% used [0x0000000080000000,0x00000000a09426e0,0x00000000a0e80000)
 Metaspace       used 86562K, committed 88448K, reserved 1179648K
  class space    used 9019K, committed 9856K, reserved 1048576K
}
Event: 1861.738 GC heap after
{Heap after GC invocations=2344 (full 6):
 PSYoungGen      total 3072K, used 248K [0x00000000d5580000, 0x00000000d5980000, 0x0000000100000000)
  eden space 2560K, 0% used [0x00000000d5580000,0x00000000d5580000,0x00000000d5800000)
  from space 512K, 48% used [0x00000000d5900000,0x00000000d593e020,0x00000000d5980000)
  to   space 512K, 0% used [0x00000000d5880000,0x00000000d5880000,0x00000000d5900000)
 ParOldGen       total 539136K, used 533809K [0x0000000080000000, 0x00000000a0e80000, 0x00000000d5580000)
  object space 539136K, 99% used [0x0000000080000000,0x00000000a094c6e0,0x00000000a0e80000)
 Metaspace       used 86562K, committed 88448K, reserved 1179648K
  class space    used 9019K, committed 9856K, reserved 1048576K
}
Event: 1862.302 GC heap before
{Heap before GC invocations=2345 (full 6):
 PSYoungGen      total 3072K, used 2808K [0x00000000d5580000, 0x00000000d5980000, 0x0000000100000000)
  eden space 2560K, 99% used [0x00000000d5580000,0x00000000d57fffe8,0x00000000d5800000)
  from space 512K, 48% used [0x00000000d5900000,0x00000000d593e020,0x00000000d5980000)
  to   space 512K, 0% used [0x00000000d5880000,0x00000000d5880000,0x00000000d5900000)
 ParOldGen       total 539136K, used 533809K [0x0000000080000000, 0x00000000a0e80000, 0x00000000d5580000)
  object space 539136K, 99% used [0x0000000080000000,0x00000000a094c6e0,0x00000000a0e80000)
 Metaspace       used 86565K, committed 88448K, reserved 1179648K
  class space    used 9019K, committed 9856K, reserved 1048576K
}
Event: 1862.311 GC heap after
{Heap after GC invocations=2345 (full 6):
 PSYoungGen      total 3072K, used 512K [0x00000000d5580000, 0x00000000d5a00000, 0x0000000100000000)
  eden space 2560K, 0% used [0x00000000d5580000,0x00000000d5580000,0x00000000d5800000)
  from space 512K, 100% used [0x00000000d5880000,0x00000000d5900000,0x00000000d5900000)
  to   space 1024K, 0% used [0x00000000d5900000,0x00000000d5900000,0x00000000d5a00000)
 ParOldGen       total 539136K, used 533912K [0x0000000080000000, 0x00000000a0e80000, 0x00000000d5580000)
  object space 539136K, 99% used [0x0000000080000000,0x00000000a0966330,0x00000000a0e80000)
 Metaspace       used 86565K, committed 88448K, reserved 1179648K
  class space    used 9019K, committed 9856K, reserved 1048576K
}
Event: 8405.686 GC heap before
{Heap before GC invocations=2346 (full 6):
 PSYoungGen      total 3072K, used 3072K [0x00000000d5580000, 0x00000000d5a00000, 0x0000000100000000)
  eden space 2560K, 100% used [0x00000000d5580000,0x00000000d5800000,0x00000000d5800000)
  from space 512K, 100% used [0x00000000d5880000,0x00000000d5900000,0x00000000d5900000)
  to   space 1024K, 0% used [0x00000000d5900000,0x00000000d5900000,0x00000000d5a00000)
 ParOldGen       total 539136K, used 533912K [0x0000000080000000, 0x00000000a0e80000, 0x00000000d5580000)
  object space 539136K, 99% used [0x0000000080000000,0x00000000a0966330,0x00000000a0e80000)
 Metaspace       used 86596K, committed 88512K, reserved 1179648K
  class space    used 9019K, committed 9856K, reserved 1048576K
}
Event: 8405.765 GC heap after
{Heap after GC invocations=2346 (full 6):
 PSYoungGen      total 3072K, used 320K [0x00000000d5580000, 0x00000000d5980000, 0x0000000100000000)
  eden space 2560K, 0% used [0x00000000d5580000,0x00000000d5580000,0x00000000d5800000)
  from space 512K, 62% used [0x00000000d5900000,0x00000000d5950000,0x00000000d5980000)
  to   space 512K, 0% used [0x00000000d5880000,0x00000000d5880000,0x00000000d5900000)
 ParOldGen       total 539136K, used 534224K [0x0000000080000000, 0x00000000a0e80000, 0x00000000d5580000)
  object space 539136K, 99% used [0x0000000080000000,0x00000000a09b4330,0x00000000a0e80000)
 Metaspace       used 86596K, committed 88512K, reserved 1179648K
  class space    used 9019K, committed 9856K, reserved 1048576K
}

